WARNING 2026-06-30 13:43:16,250 exceptions 4276 21468 API Error (400): {'organization': [ErrorDetail(string='This field is required.', code='required')]}
WARNING 2026-06-30 13:43:16,252 log 4276 21468 Bad Request: /api/v1/teams/
WARNING 2026-06-30 13:43:19,298 log 4276 21468 Forbidden: /api/v1/teams/
WARNING 2026-06-30 13:43:19,300 exceptions 4276 21468 API Error (400): {'organization': [ErrorDetail(string='This field is required.', code='required')]}
WARNING 2026-06-30 13:43:19,300 log 4276 21468 Bad Request: /api/v1/teams/
WARNING 2026-06-30 13:43:58,298 exceptions 12020 8284 API Error (400): {'lead': [ErrorDetail(string="The team lead must belong to the team's organization.", code='invalid')]}
WARNING 2026-06-30 13:43:58,300 log 12020 8284 Bad Request: /api/v1/teams/
WARNING 2026-06-30 13:43:58,302 exceptions 12020 8284 API Error (400): {'members': [ErrorDetail(string='Member analyst_b does not belong to this organization.', code='invalid')]}
WARNING 2026-06-30 13:43:58,303 log 12020 8284 Bad Request: /api/v1/teams/
WARNING 2026-06-30 13:44:01,317 log 12020 8284 Forbidden: /api/v1/teams/
WARNING 2026-06-30 13:44:31,174 exceptions 19240 13944 API Error (400): {'lead': [ErrorDetail(string="The team lead must belong to the team's organization.", code='invalid')]}
WARNING 2026-06-30 13:44:31,176 log 19240 13944 Bad Request: /api/v1/teams/
WARNING 2026-06-30 13:44:31,179 exceptions 19240 13944 API Error (400): {'members': [ErrorDetail(string='Member analyst_b does not belong to this organization.', code='invalid')]}
WARNING 2026-06-30 13:44:31,179 log 19240 13944 Bad Request: /api/v1/teams/
WARNING 2026-06-30 13:44:34,177 log 19240 13944 Forbidden: /api/v1/teams/
WARNING 2026-06-30 13:45:30,486 exceptions 11152 20972 API Error (400): {'lead': [ErrorDetail(string="The team lead must belong to the team's organization.", code='invalid')]}
WARNING 2026-06-30 13:45:30,487 log 11152 20972 Bad Request: /api/v1/teams/
WARNING 2026-06-30 13:45:30,489 exceptions 11152 20972 API Error (400): {'members': [ErrorDetail(string='Member analyst_b does not belong to this organization.', code='invalid')]}
WARNING 2026-06-30 13:45:30,489 log 11152 20972 Bad Request: /api/v1/teams/
WARNING 2026-06-30 13:45:33,496 log 11152 20972 Forbidden: /api/v1/teams/
WARNING 2026-06-30 13:52:28,050 exceptions 18104 17988 API Error (400): {'lead': [ErrorDetail(string="The team lead must belong to the team's organization.", code='invalid')]}
WARNING 2026-06-30 13:52:28,064 log 18104 17988 Bad Request: /api/v1/teams/
WARNING 2026-06-30 13:52:28,067 exceptions 18104 17988 API Error (400): {'members': [ErrorDetail(string='Member analyst_b does not belong to this organization.', code='invalid')]}
WARNING 2026-06-30 13:52:28,067 log 18104 17988 Bad Request: /api/v1/teams/
WARNING 2026-06-30 13:52:31,174 log 18104 17988 Forbidden: /api/v1/teams/
WARNING 2026-06-30 13:59:24,688 exceptions 14712 10012 API Error (400): {'non_field_errors': [ErrorDetail(string="Cannot assign a member from outside the project's organization.", code='invalid')]}
WARNING 2026-06-30 13:59:24,690 log 14712 10012 Bad Request: /api/v1/projects/memberships/
WARNING 2026-06-30 13:59:27,808 exceptions 14712 10012 API Error (400): {'lead': [ErrorDetail(string="The team lead must belong to the team's organization.", code='invalid')]}
WARNING 2026-06-30 13:59:27,808 log 14712 10012 Bad Request: /api/v1/teams/
WARNING 2026-06-30 13:59:27,810 exceptions 14712 10012 API Error (400): {'members': [ErrorDetail(string='Member analyst_b does not belong to this organization.', code='invalid')]}
WARNING 2026-06-30 13:59:27,810 log 14712 10012 Bad Request: /api/v1/teams/
WARNING 2026-06-30 13:59:30,797 log 14712 10012 Forbidden: /api/v1/teams/
WARNING 2026-06-30 16:13:25,455 log 12032 14608 Unauthorized: /api/v1/auth/profile/
WARNING 2026-06-30 16:13:25,456 basehttp 12032 14608 "GET /api/v1/auth/profile/ HTTP/1.1" 401 200
WARNING 2026-06-30 16:13:25,461 log 12032 14608 Unauthorized: /api/v1/auth/profile/
WARNING 2026-06-30 16:13:25,462 basehttp 12032 14608 "GET /api/v1/auth/profile/ HTTP/1.1" 401 200
WARNING 2026-06-30 16:13:32,309 log 12032 14608 Unauthorized: /api/v1/auth/login/
WARNING 2026-06-30 16:13:32,311 basehttp 12032 14608 "POST /api/v1/auth/login/ HTTP/1.1" 401 152
WARNING 2026-06-30 16:13:34,404 log 12032 14608 Unauthorized: /api/v1/auth/login/
WARNING 2026-06-30 16:13:34,405 basehttp 12032 14608 "POST /api/v1/auth/login/ HTTP/1.1" 401 152
WARNING 2026-06-30 16:20:28,926 exceptions 3508 11460 API Error (400): {'non_field_errors': [ErrorDetail(string="Cannot assign a member from outside the project's organization.", code='invalid')]}
WARNING 2026-06-30 16:20:28,930 log 3508 11460 Bad Request: /api/v1/projects/memberships/
WARNING 2026-06-30 16:20:32,082 exceptions 3508 11460 API Error (400): {'influence': [ErrorDetail(string='Influence rating must be between 1 and 5.', code='invalid')]}
WARNING 2026-06-30 16:20:32,082 log 3508 11460 Bad Request: /api/v1/stakeholders/
WARNING 2026-06-30 16:20:32,089 exceptions 3508 11460 API Error (400): {'project': [ErrorDetail(string="Assigned project must belong to the stakeholder's organization.", code='invalid')]}
WARNING 2026-06-30 16:20:32,090 log 3508 11460 Bad Request: /api/v1/stakeholders/
WARNING 2026-06-30 16:20:36,331 exceptions 3508 11460 API Error (400): {'lead': [ErrorDetail(string="The team lead must belong to the team's organization.", code='invalid')]}
WARNING 2026-06-30 16:20:36,331 log 3508 11460 Bad Request: /api/v1/teams/
WARNING 2026-06-30 16:20:36,333 exceptions 3508 11460 API Error (400): {'members': [ErrorDetail(string='Member analyst_b does not belong to this organization.', code='invalid')]}
WARNING 2026-06-30 16:20:36,334 log 3508 11460 Bad Request: /api/v1/teams/
WARNING 2026-06-30 16:20:40,433 log 3508 11460 Forbidden: /api/v1/teams/
WARNING 2026-06-30 16:26:47,274 exceptions 1528 11412 API Error (400): {'non_field_errors': [ErrorDetail(string="Cannot assign a member from outside the project's organization.", code='invalid')]}
WARNING 2026-06-30 16:26:47,276 log 1528 11412 Bad Request: /api/v1/projects/memberships/
WARNING 2026-06-30 16:26:50,633 exceptions 1528 11412 API Error (400): {'non_field_errors': [ErrorDetail(string='Cannot create or update a requirement for a project outside your organization.', code='invalid')]}
WARNING 2026-06-30 16:26:50,633 log 1528 11412 Bad Request: /api/v1/requirements/
WARNING 2026-06-30 16:26:50,639 exceptions 1528 11412 API Error (400): {'source_stakeholder': [ErrorDetail(string="Assigned stakeholder must belong to the project's organization.", code='invalid')]}
WARNING 2026-06-30 16:26:50,639 log 1528 11412 Bad Request: /api/v1/requirements/
WARNING 2026-06-30 16:26:51,677 exceptions 1528 11412 API Error (400): {'influence': [ErrorDetail(string='Influence rating must be between 1 and 5.', code='invalid')]}
WARNING 2026-06-30 16:26:51,677 log 1528 11412 Bad Request: /api/v1/stakeholders/
WARNING 2026-06-30 16:26:51,682 exceptions 1528 11412 API Error (400): {'project': [ErrorDetail(string="Assigned project must belong to the stakeholder's organization.", code='invalid')]}
WARNING 2026-06-30 16:26:51,682 log 1528 11412 Bad Request: /api/v1/stakeholders/
WARNING 2026-06-30 16:26:56,061 exceptions 1528 11412 API Error (400): {'lead': [ErrorDetail(string="The team lead must belong to the team's organization.", code='invalid')]}
WARNING 2026-06-30 16:26:56,061 log 1528 11412 Bad Request: /api/v1/teams/
WARNING 2026-06-30 16:26:56,068 exceptions 1528 11412 API Error (400): {'members': [ErrorDetail(string='Member analyst_b does not belong to this organization.', code='invalid')]}
WARNING 2026-06-30 16:26:56,068 log 1528 11412 Bad Request: /api/v1/teams/
WARNING 2026-06-30 16:27:00,303 log 1528 11412 Forbidden: /api/v1/teams/
WARNING 2026-06-30 16:33:23,149 exceptions 22440 9252 API Error (400): {'non_field_errors': [ErrorDetail(string="Cannot assign a member from outside the project's organization.", code='invalid')]}
WARNING 2026-06-30 16:33:23,152 log 22440 9252 Bad Request: /api/v1/projects/memberships/
WARNING 2026-06-30 16:33:26,435 exceptions 22440 9252 API Error (400): {'non_field_errors': [ErrorDetail(string='Cannot create or update a requirement for a project outside your organization.', code='invalid')]}
WARNING 2026-06-30 16:33:26,435 log 22440 9252 Bad Request: /api/v1/requirements/
WARNING 2026-06-30 16:33:26,440 exceptions 22440 9252 API Error (400): {'source_stakeholder': [ErrorDetail(string="Assigned stakeholder must belong to the project's organization.", code='invalid')]}
WARNING 2026-06-30 16:33:26,440 log 22440 9252 Bad Request: /api/v1/requirements/
WARNING 2026-06-30 16:33:27,529 exceptions 22440 9252 API Error (400): {'influence': [ErrorDetail(string='Influence rating must be between 1 and 5.', code='invalid')]}
WARNING 2026-06-30 16:33:27,529 log 22440 9252 Bad Request: /api/v1/stakeholders/
WARNING 2026-06-30 16:33:27,538 exceptions 22440 9252 API Error (400): {'project': [ErrorDetail(string="Assigned project must belong to the stakeholder's organization.", code='invalid')]}
WARNING 2026-06-30 16:33:27,539 log 22440 9252 Bad Request: /api/v1/stakeholders/
WARNING 2026-06-30 16:33:31,878 exceptions 22440 9252 API Error (400): {'lead': [ErrorDetail(string="The team lead must belong to the team's organization.", code='invalid')]}
WARNING 2026-06-30 16:33:31,878 log 22440 9252 Bad Request: /api/v1/teams/
WARNING 2026-06-30 16:33:31,881 exceptions 22440 9252 API Error (400): {'members': [ErrorDetail(string='Member analyst_b does not belong to this organization.', code='invalid')]}
WARNING 2026-06-30 16:33:31,882 log 22440 9252 Bad Request: /api/v1/teams/
WARNING 2026-06-30 16:33:36,288 log 22440 9252 Forbidden: /api/v1/teams/
WARNING 2026-06-30 16:34:44,345 exceptions 18616 16308 API Error (400): {'non_field_errors': [ErrorDetail(string="Cannot assign a member from outside the project's organization.", code='invalid')]}
WARNING 2026-06-30 16:34:44,348 log 18616 16308 Bad Request: /api/v1/projects/memberships/
WARNING 2026-06-30 16:34:47,731 exceptions 18616 16308 API Error (400): {'non_field_errors': [ErrorDetail(string='Cannot create or update a requirement for a project outside your organization.', code='invalid')]}
WARNING 2026-06-30 16:34:47,732 log 18616 16308 Bad Request: /api/v1/requirements/
WARNING 2026-06-30 16:34:47,736 exceptions 18616 16308 API Error (400): {'source_stakeholder': [ErrorDetail(string="Assigned stakeholder must belong to the project's organization.", code='invalid')]}
WARNING 2026-06-30 16:34:47,736 log 18616 16308 Bad Request: /api/v1/requirements/
WARNING 2026-06-30 16:34:48,836 exceptions 18616 16308 API Error (400): {'influence': [ErrorDetail(string='Influence rating must be between 1 and 5.', code='invalid')]}
WARNING 2026-06-30 16:34:48,836 log 18616 16308 Bad Request: /api/v1/stakeholders/
WARNING 2026-06-30 16:34:48,840 exceptions 18616 16308 API Error (400): {'project': [ErrorDetail(string="Assigned project must belong to the stakeholder's organization.", code='invalid')]}
WARNING 2026-06-30 16:34:48,840 log 18616 16308 Bad Request: /api/v1/stakeholders/
WARNING 2026-06-30 16:34:52,945 exceptions 18616 16308 API Error (400): {'lead': [ErrorDetail(string="The team lead must belong to the team's organization.", code='invalid')]}
WARNING 2026-06-30 16:34:52,946 log 18616 16308 Bad Request: /api/v1/teams/
WARNING 2026-06-30 16:34:52,948 exceptions 18616 16308 API Error (400): {'members': [ErrorDetail(string='Member analyst_b does not belong to this organization.', code='invalid')]}
WARNING 2026-06-30 16:34:52,948 log 18616 16308 Bad Request: /api/v1/teams/
WARNING 2026-06-30 16:34:57,099 log 18616 16308 Forbidden: /api/v1/teams/
WARNING 2026-06-30 16:37:00,812 exceptions 13360 14724 API Error (400): {'non_field_errors': [ErrorDetail(string="Cannot assign a member from outside the project's organization.", code='invalid')]}
WARNING 2026-06-30 16:37:00,814 log 13360 14724 Bad Request: /api/v1/projects/memberships/
WARNING 2026-06-30 16:37:04,002 exceptions 13360 14724 API Error (400): {'non_field_errors': [ErrorDetail(string='Cannot create or update a requirement for a project outside your organization.', code='invalid')]}
WARNING 2026-06-30 16:37:04,003 log 13360 14724 Bad Request: /api/v1/requirements/
WARNING 2026-06-30 16:37:04,007 exceptions 13360 14724 API Error (400): {'source_stakeholder': [ErrorDetail(string="Assigned stakeholder must belong to the project's organization.", code='invalid')]}
WARNING 2026-06-30 16:37:04,008 log 13360 14724 Bad Request: /api/v1/requirements/
WARNING 2026-06-30 16:37:05,141 exceptions 13360 14724 API Error (400): {'influence': [ErrorDetail(string='Influence rating must be between 1 and 5.', code='invalid')]}
WARNING 2026-06-30 16:37:05,141 log 13360 14724 Bad Request: /api/v1/stakeholders/
WARNING 2026-06-30 16:37:05,145 exceptions 13360 14724 API Error (400): {'project': [ErrorDetail(string="Assigned project must belong to the stakeholder's organization.", code='invalid')]}
WARNING 2026-06-30 16:37:05,146 log 13360 14724 Bad Request: /api/v1/stakeholders/
WARNING 2026-06-30 16:37:08,366 exceptions 13360 14724 API Error (400): {'non_field_errors': [ErrorDetail(string='Cannot map a user story to a requirement outside your organization.', code='invalid')]}
WARNING 2026-06-30 16:37:08,366 log 13360 14724 Bad Request: /api/v1/stories/
WARNING 2026-06-30 16:37:10,459 exceptions 13360 14724 API Error (400): {'lead': [ErrorDetail(string="The team lead must belong to the team's organization.", code='invalid')]}
WARNING 2026-06-30 16:37:10,459 log 13360 14724 Bad Request: /api/v1/teams/
WARNING 2026-06-30 16:37:10,465 exceptions 13360 14724 API Error (400): {'members': [ErrorDetail(string='Member analyst_b does not belong to this organization.', code='invalid')]}
WARNING 2026-06-30 16:37:10,465 log 13360 14724 Bad Request: /api/v1/teams/
WARNING 2026-06-30 16:37:14,871 log 13360 14724 Forbidden: /api/v1/teams/
WARNING 2026-06-30 17:55:58,446 log 16508 7220 Bad Request: /api/v1/documents/generate/
WARNING 2026-06-30 17:55:58,491 log 16508 7220 Bad Request: /api/v1/documents/070cdcae-56a5-4db7-8803-4bc1b969ce08/sign-off/
WARNING 2026-06-30 17:56:09,941 exceptions 16508 7220 API Error (400): {'non_field_errors': [ErrorDetail(string="Cannot assign a member from outside the project's organization.", code='invalid')]}
WARNING 2026-06-30 17:56:09,942 log 16508 7220 Bad Request: /api/v1/projects/memberships/
WARNING 2026-06-30 17:56:13,349 exceptions 16508 7220 API Error (400): {'non_field_errors': [ErrorDetail(string='Cannot create or update a requirement for a project outside your organization.', code='invalid')]}
WARNING 2026-06-30 17:56:13,349 log 16508 7220 Bad Request: /api/v1/requirements/
WARNING 2026-06-30 17:56:13,354 exceptions 16508 7220 API Error (400): {'source_stakeholder': [ErrorDetail(string="Assigned stakeholder must belong to the project's organization.", code='invalid')]}
WARNING 2026-06-30 17:56:13,354 log 16508 7220 Bad Request: /api/v1/requirements/
WARNING 2026-06-30 17:56:14,462 exceptions 16508 7220 API Error (400): {'influence': [ErrorDetail(string='Influence rating must be between 1 and 5.', code='invalid')]}
WARNING 2026-06-30 17:56:14,463 log 16508 7220 Bad Request: /api/v1/stakeholders/
WARNING 2026-06-30 17:56:14,466 exceptions 16508 7220 API Error (400): {'project': [ErrorDetail(string="Assigned project must belong to the stakeholder's organization.", code='invalid')]}
WARNING 2026-06-30 17:56:14,466 log 16508 7220 Bad Request: /api/v1/stakeholders/
WARNING 2026-06-30 17:56:17,834 exceptions 16508 7220 API Error (400): {'non_field_errors': [ErrorDetail(string='Cannot map a user story to a requirement outside your organization.', code='invalid')]}
WARNING 2026-06-30 17:56:17,835 log 16508 7220 Bad Request: /api/v1/stories/
WARNING 2026-06-30 17:56:20,017 exceptions 16508 7220 API Error (400): {'lead': [ErrorDetail(string="The team lead must belong to the team's organization.", code='invalid')]}
WARNING 2026-06-30 17:56:20,017 log 16508 7220 Bad Request: /api/v1/teams/
WARNING 2026-06-30 17:56:20,020 exceptions 16508 7220 API Error (400): {'members': [ErrorDetail(string='Member analyst_b does not belong to this organization.', code='invalid')]}
WARNING 2026-06-30 17:56:20,020 log 16508 7220 Bad Request: /api/v1/teams/
WARNING 2026-06-30 17:56:24,368 log 16508 7220 Forbidden: /api/v1/teams/
WARNING 2026-06-30 17:57:08,057 log 13200 16336 Bad Request: /api/v1/documents/generate/
WARNING 2026-06-30 17:57:08,086 log 13200 16336 Bad Request: /api/v1/documents/d9b105c0-7686-4083-88f3-48bccbe97d0e/sign-off/
WARNING 2026-06-30 17:57:20,001 exceptions 13200 16336 API Error (400): {'non_field_errors': [ErrorDetail(string="Cannot assign a member from outside the project's organization.", code='invalid')]}
WARNING 2026-06-30 17:57:20,002 log 13200 16336 Bad Request: /api/v1/projects/memberships/
WARNING 2026-06-30 17:57:23,363 exceptions 13200 16336 API Error (400): {'non_field_errors': [ErrorDetail(string='Cannot create or update a requirement for a project outside your organization.', code='invalid')]}
WARNING 2026-06-30 17:57:23,363 log 13200 16336 Bad Request: /api/v1/requirements/
WARNING 2026-06-30 17:57:23,369 exceptions 13200 16336 API Error (400): {'source_stakeholder': [ErrorDetail(string="Assigned stakeholder must belong to the project's organization.", code='invalid')]}
WARNING 2026-06-30 17:57:23,370 log 13200 16336 Bad Request: /api/v1/requirements/
WARNING 2026-06-30 17:57:24,466 exceptions 13200 16336 API Error (400): {'influence': [ErrorDetail(string='Influence rating must be between 1 and 5.', code='invalid')]}
WARNING 2026-06-30 17:57:24,466 log 13200 16336 Bad Request: /api/v1/stakeholders/
WARNING 2026-06-30 17:57:24,469 exceptions 13200 16336 API Error (400): {'project': [ErrorDetail(string="Assigned project must belong to the stakeholder's organization.", code='invalid')]}
WARNING 2026-06-30 17:57:24,470 log 13200 16336 Bad Request: /api/v1/stakeholders/
WARNING 2026-06-30 17:57:27,731 exceptions 13200 16336 API Error (400): {'non_field_errors': [ErrorDetail(string='Cannot map a user story to a requirement outside your organization.', code='invalid')]}
WARNING 2026-06-30 17:57:27,732 log 13200 16336 Bad Request: /api/v1/stories/
WARNING 2026-06-30 17:57:29,958 exceptions 13200 16336 API Error (400): {'lead': [ErrorDetail(string="The team lead must belong to the team's organization.", code='invalid')]}
WARNING 2026-06-30 17:57:29,958 log 13200 16336 Bad Request: /api/v1/teams/
WARNING 2026-06-30 17:57:29,961 exceptions 13200 16336 API Error (400): {'members': [ErrorDetail(string='Member analyst_b does not belong to this organization.', code='invalid')]}
WARNING 2026-06-30 17:57:29,962 log 13200 16336 Bad Request: /api/v1/teams/
WARNING 2026-06-30 17:57:34,180 log 13200 16336 Forbidden: /api/v1/teams/
